#################################################################
### CONNECTING: root@pve-mammoth
#################################################################
=== HOST: pve-mammoth.local ===
TIME: 2026-01-04T15:41:48-08:00
KERNEL: 6.17.4-2-pve
UPTIME: up 5 hours, 30 minutes
LOAD:   0.74 0.89 0.97

--- CPU + BOARD SENSORS (sensors) ---
coretemp-isa-0000
Adapter: ISA adapter
Package id 0:  +63.0°C  (high = +100.0°C, crit = +100.0°C)
Core 0:        +56.0°C  (high = +100.0°C, crit = +100.0°C)
Core 4:        +61.0°C  (high = +100.0°C, crit = +100.0°C)
Core 8:        +63.0°C  (high = +100.0°C, crit = +100.0°C)
Core 12:       +59.0°C  (high = +100.0°C, crit = +100.0°C)
Core 16:       +55.0°C  (high = +100.0°C, crit = +100.0°C)
Core 20:       +59.0°C  (high = +100.0°C, crit = +100.0°C)
Core 24:       +63.0°C  (high = +100.0°C, crit = +100.0°C)
Core 25:       +63.0°C  (high = +100.0°C, crit = +100.0°C)
Core 26:       +63.0°C  (high = +100.0°C, crit = +100.0°C)
Core 27:       +63.0°C  (high = +100.0°C, crit = +100.0°C)
Core 28:       +63.0°C  (high = +100.0°C, crit = +100.0°C)
Core 29:       +63.0°C  (high = +100.0°C, crit = +100.0°C)
Core 30:       +63.0°C  (high = +100.0°C, crit = +100.0°C)
Core 31:       +63.0°C  (high = +100.0°C, crit = +100.0°C)

nvme-pci-0100
Adapter: PCI adapter
Composite:    +66.8°C  (low  = -273.1°C, high = +84.8°C)
                       (crit = +84.8°C)
Sensor 1:     +95.8°C  (low  = -273.1°C, high = +65261.8°C)
Sensor 2:     +66.8°C  (low  = -273.1°C, high = +65261.8°C)

acpitz-acpi-0
Adapter: ACPI interface
temp1:        +27.8°C  

mt7921_phy0-pci-5b00
Adapter: PCI adapter
temp1:        +56.0°C  

nvme-pci-5800
Adapter: PCI adapter
Composite:    +62.9°C  (low  = -273.1°C, high = +80.8°C)
                       (crit = +84.8°C)
Sensor 1:     +74.8°C  (low  = -273.1°C, high = +65261.8°C)
Sensor 2:     +62.9°C  (low  = -273.1°C, high = +65261.8°C)

nvme-pci-5900
Adapter: PCI adapter
Composite:    +63.9°C  (low  = -273.1°C, high = +80.8°C)
                       (crit = +84.8°C)
Sensor 1:     +70.8°C  (low  = -273.1°C, high = +65261.8°C)
Sensor 2:     +63.9°C  (low  = -273.1°C, high = +65261.8°C)


--- THERMAL ZONES (sysfs) ---
/sys/class/thermal/thermal_zone0  type=acpitz  temp_mC=27800  temp_C=27.8
/sys/class/thermal/thermal_zone1  type=x86_pkg_temp  temp_mC=65000  temp_C=65

--- NVME LIST ---
Node                  Generic               SN                   Model                                    Namespace  Usage                      Format           FW Rev  
--------------------- --------------------- -------------------- ---------------------------------------- ---------- -------------------------- ---------------- --------
/dev/nvme0n1          /dev/ng0n1            S7M4NL0Y305919Y      Samsung SSD 990 EVO 2TB                  0x1          1.94  TB /   2.00  TB    512   B +  0 B   0B2QKXJ7
/dev/nvme1n1          /dev/ng1n1            S7U6NJ0Y301488H      Samsung SSD 990 EVO Plus 2TB             0x1        217.40  GB /   2.00  TB    512   B +  0 B   2B2QKXG7
/dev/nvme2n1          /dev/ng2n1            S7U6NU0YA24059P      Samsung SSD 990 EVO Plus 2TB             0x1          1.28  TB /   2.00  TB    512   B +  0 B   2B2QKXG7

--- NVME SMART SUMMARY (temps/warnings/errors) ---
## /dev/nvme0
critical_warning			: 0
temperature				: 152 °F (340 K)
percentage_used				: 1%
unsafe_shutdowns			: 12
media_errors				: 0
num_err_log_entries			: 0
Warning Temperature Time		: 0
Critical Composite Temperature Time	: 315
Temperature Sensor 1			: 206 °F (370 K)
Temperature Sensor 2			: 152 °F (340 K)

## /dev/nvme1
critical_warning			: 0
temperature				: 145 °F (336 K)
percentage_used				: 2%
unsafe_shutdowns			: 87
media_errors				: 0
num_err_log_entries			: 0
Warning Temperature Time		: 0
Critical Composite Temperature Time	: 0
Temperature Sensor 1			: 167 °F (348 K)
Temperature Sensor 2			: 145 °F (336 K)

## /dev/nvme2
critical_warning			: 0
temperature				: 147 °F (337 K)
percentage_used				: 1%
unsafe_shutdowns			: 3
media_errors				: 0
num_err_log_entries			: 0
Warning Temperature Time		: 0
Critical Composite Temperature Time	: 0
Temperature Sensor 1			: 159 °F (344 K)
Temperature Sensor 2			: 147 °F (337 K)

--- NVME ERROR LOG (if any) ---
## /dev/nvme0
Error Log Entries for device:nvme0 entries:64
.................
 Entry[ 0]
.................
error_count	: 0
sqid		: 0
cmdid		: 0
status_field	: 0 (Successful Completion: The command completed without error)
phase_tag	: 0
parm_err_loc	: 0
lba		: 0
nsid		: 0
vs		: 0
trtype		: 0 (The transport type is not indicated or the error is not transport related)
csi		: 0
opcode		: 0
cs		: 0
trtype_spec_info: 0
log_page_version: 0
.................
 Entry[ 1]
.................
error_count	: 0
sqid		: 0
cmdid		: 0
status_field	: 0 (Successful Completion: The command completed without error)
phase_tag	: 0
parm_err_loc	: 0
lba		: 0
nsid		: 0
vs		: 0
trtype		: 0 (The transport type is not indicated or the error is not transport related)
csi		: 0
opcode		: 0
cs		: 0
trtype_spec_info: 0
log_page_version: 0
.................
 Entry[ 2]
.................

## /dev/nvme1
Error Log Entries for device:nvme1 entries:64
.................
 Entry[ 0]
.................
error_count	: 0
sqid		: 0
cmdid		: 0
status_field	: 0 (Successful Completion: The command completed without error)
phase_tag	: 0
parm_err_loc	: 0
lba		: 0
nsid		: 0
vs		: 0
trtype		: 0 (The transport type is not indicated or the error is not transport related)
csi		: 0
opcode		: 0
cs		: 0
trtype_spec_info: 0
log_page_version: 0
.................
 Entry[ 1]
.................
error_count	: 0
sqid		: 0
cmdid		: 0
status_field	: 0 (Successful Completion: The command completed without error)
phase_tag	: 0
parm_err_loc	: 0
lba		: 0
nsid		: 0
vs		: 0
trtype		: 0 (The transport type is not indicated or the error is not transport related)
csi		: 0
opcode		: 0
cs		: 0
trtype_spec_info: 0
log_page_version: 0
.................
 Entry[ 2]
.................

## /dev/nvme2
Error Log Entries for device:nvme2 entries:64
.................
 Entry[ 0]
.................
error_count	: 0
sqid		: 0
cmdid		: 0
status_field	: 0 (Successful Completion: The command completed without error)
phase_tag	: 0
parm_err_loc	: 0
lba		: 0
nsid		: 0
vs		: 0
trtype		: 0 (The transport type is not indicated or the error is not transport related)
csi		: 0
opcode		: 0
cs		: 0
trtype_spec_info: 0
log_page_version: 0
.................
 Entry[ 1]
.................
error_count	: 0
sqid		: 0
cmdid		: 0
status_field	: 0 (Successful Completion: The command completed without error)
phase_tag	: 0
parm_err_loc	: 0
lba		: 0
nsid		: 0
vs		: 0
trtype		: 0 (The transport type is not indicated or the error is not transport related)
csi		: 0
opcode		: 0
cs		: 0
trtype_spec_info: 0
log_page_version: 0
.................
 Entry[ 2]
.................

--- KERNEL LOG: thermal/throttle/nvme/pcie/aer/mce/edac/ras (last 250 lines match) ---
Jan 04 10:11:07 pve-mammoth kernel: x86/split lock detection: #AC: crashing the kernel on kernel split_locks and warning on user-space split_locks
Jan 04 10:11:07 pve-mammoth kernel: CPU0: Thermal monitoring enabled (TM1)
Jan 04 10:11:07 pve-mammoth kernel: thermal_sys: Registered thermal governor 'fair_share'
Jan 04 10:11:07 pve-mammoth kernel: thermal_sys: Registered thermal governor 'bang_bang'
Jan 04 10:11:07 pve-mammoth kernel: thermal_sys: Registered thermal governor 'step_wise'
Jan 04 10:11:07 pve-mammoth kernel: thermal_sys: Registered thermal governor 'user_space'
Jan 04 10:11:07 pve-mammoth kernel: thermal_sys: Registered thermal governor 'power_allocator'
Jan 04 10:11:07 pve-mammoth kernel: ACPI FADT declares the system doesn't support PCIe ASPM, so disable it
Jan 04 10:11:07 pve-mammoth kernel: ACPI: USB4 _OSC: OS supports USB3+ DisplayPort+ PCIe+ XDomain+
Jan 04 10:11:07 pve-mammoth kernel: ACPI: USB4 _OSC: OS controls USB3+ DisplayPort+ PCIe+ XDomain+
Jan 04 10:11:07 pve-mammoth kernel: acpi PNP0A08:00: _OSC: platform does not support [AER]
Jan 04 10:11:07 pve-mammoth kernel: acpi PNP0A08:00: _OSC: OS now controls [PCIeHotplug SHPCHotplug PME PCIeCapability LTR DPC]
Jan 04 10:11:07 pve-mammoth kernel: pci 0000:00:02.0: [8086:a7a0] type 00 class 0x030000 PCIe Root Complex Integrated Endpoint
Jan 04 10:11:07 pve-mammoth kernel: pci 0000:00:06.0: [8086:a74d] type 01 class 0x060400 PCIe Root Port
Jan 04 10:11:07 pve-mammoth kernel: pci 0000:00:06.2: [8086:a73d] type 01 class 0x060400 PCIe Root Port
Jan 04 10:11:07 pve-mammoth kernel: pci 0000:00:07.0: [8086:a76e] type 01 class 0x060400 PCIe Root Port
Jan 04 10:11:07 pve-mammoth kernel: pci 0000:00:07.2: [8086:a72f] type 01 class 0x060400 PCIe Root Port
Jan 04 10:11:07 pve-mammoth kernel: pci 0000:00:1c.0: [8086:51bb] type 01 class 0x060400 PCIe Root Port
Jan 04 10:11:07 pve-mammoth kernel: pci 0000:00:1c.4: [8086:51bc] type 01 class 0x060400 PCIe Root Port
Jan 04 10:11:07 pve-mammoth kernel: pci 0000:00:1d.0: [8086:51b0] type 01 class 0x060400 PCIe Root Port
Jan 04 10:11:07 pve-mammoth kernel: pci 0000:00:1d.2: [8086:51b2] type 01 class 0x060400 PCIe Root Port
Jan 04 10:11:07 pve-mammoth kernel: pci 0000:00:1d.3: [8086:51b3] type 01 class 0x060400 PCIe Root Port
Jan 04 10:11:07 pve-mammoth kernel: pci 0000:01:00.0: [144d:a80d] type 00 class 0x010802 PCIe Endpoint
Jan 04 10:11:07 pve-mammoth kernel: pci 0000:02:00.0: [8086:1572] type 00 class 0x020000 PCIe Endpoint
Jan 04 10:11:07 pve-mammoth kernel: pci 0000:02:00.1: [8086:1572] type 00 class 0x020000 PCIe Endpoint
Jan 04 10:11:07 pve-mammoth kernel: pci 0000:57:00.0: [8086:125c] type 00 class 0x020000 PCIe Endpoint
Jan 04 10:11:07 pve-mammoth kernel: pci 0000:58:00.0: [144d:a80d] type 00 class 0x010802 PCIe Endpoint
Jan 04 10:11:07 pve-mammoth kernel: pci 0000:58:00.0: 31.504 Gb/s available PCIe bandwidth, limited by 8.0 GT/s PCIe x4 link at 0000:00:1c.4 (capable of 126.028 Gb/s with 32.0 GT/s PCIe x4 link)
Jan 04 10:11:07 pve-mammoth kernel: pci 0000:59:00.0: [144d:a80d] type 00 class 0x010802 PCIe Endpoint
Jan 04 10:11:07 pve-mammoth kernel: pci 0000:59:00.0: 15.752 Gb/s available PCIe bandwidth, limited by 8.0 GT/s PCIe x2 link at 0000:00:1d.0 (capable of 126.028 Gb/s with 32.0 GT/s PCIe x4 link)
Jan 04 10:11:07 pve-mammoth kernel: pci 0000:5a:00.0: [8086:125b] type 00 class 0x020000 PCIe Endpoint
Jan 04 10:11:07 pve-mammoth kernel: pci 0000:5b:00.0: [14c3:0616] type 00 class 0x028000 PCIe Endpoint
Jan 04 10:11:07 pve-mammoth kernel: EDAC MC: Ver: 3.0.0
Jan 04 10:11:07 pve-mammoth kernel: pcieport 0000:00:06.0: PME: Signaling with IRQ 122
Jan 04 10:11:07 pve-mammoth kernel: pcieport 0000:00:06.2: PME: Signaling with IRQ 123
Jan 04 10:11:07 pve-mammoth kernel: pcieport 0000:00:07.0: PME: Signaling with IRQ 124
Jan 04 10:11:07 pve-mammoth kernel: pcieport 0000:00:07.0: pciehp: Slot #3 AttnBtn- PwrCtrl- MRL- AttnInd- PwrInd- HotPlug+ Surprise+ Interlock- NoCompl+ IbPresDis- LLActRep+
Jan 04 10:11:07 pve-mammoth kernel: pcieport 0000:00:07.2: PME: Signaling with IRQ 125
Jan 04 10:11:07 pve-mammoth kernel: pcieport 0000:00:07.2: pciehp: Slot #5 AttnBtn- PwrCtrl- MRL- AttnInd- PwrInd- HotPlug+ Surprise+ Interlock- NoCompl+ IbPresDis- LLActRep+
Jan 04 10:11:07 pve-mammoth kernel: pcieport 0000:00:1c.0: PME: Signaling with IRQ 126
Jan 04 10:11:07 pve-mammoth kernel: pcieport 0000:00:1c.4: PME: Signaling with IRQ 127
Jan 04 10:11:07 pve-mammoth kernel: pcieport 0000:00:1d.0: PME: Signaling with IRQ 128
Jan 04 10:11:07 pve-mammoth kernel: pcieport 0000:00:1d.2: PME: Signaling with IRQ 129
Jan 04 10:11:07 pve-mammoth kernel: pcieport 0000:00:1d.3: PME: Signaling with IRQ 130
Jan 04 10:11:07 pve-mammoth kernel: ACPI: button: Power Button [PWRB]
Jan 04 10:11:07 pve-mammoth kernel: input: Power Button as /devices/LNXSYSTM:00/LNXPWRBN:00/input/input2
Jan 04 10:11:07 pve-mammoth kernel: ACPI: button: Power Button [PWRF]
Jan 04 10:11:07 pve-mammoth kernel: thermal LNXTHERM:00: registered as thermal_zone0
Jan 04 10:11:07 pve-mammoth kernel: ACPI: thermal: Thermal Zone [TZ00] (28 C)
Jan 04 10:11:07 pve-mammoth kernel: RAS: Correctable Errors collector initialized.
Jan 04 10:11:07 pve-mammoth kernel: nvme nvme0: pci function 0000:01:00.0
Jan 04 10:11:07 pve-mammoth kernel: nvme nvme1: pci function 0000:58:00.0
Jan 04 10:11:07 pve-mammoth kernel: nvme nvme2: pci function 0000:59:00.0
Jan 04 10:11:07 pve-mammoth kernel: nvme nvme2: D3 entry latency set to 10 seconds
Jan 04 10:11:07 pve-mammoth kernel: nvme nvme0: D3 entry latency set to 10 seconds
Jan 04 10:11:07 pve-mammoth kernel: nvme nvme2: allocated 64 MiB host memory buffer (16 segments).
Jan 04 10:11:07 pve-mammoth kernel: nvme nvme0: allocated 64 MiB host memory buffer (16 segments).
Jan 04 10:11:07 pve-mammoth kernel: nvme nvme1: D3 entry latency set to 10 seconds
Jan 04 10:11:07 pve-mammoth kernel: nvme nvme1: allocated 64 MiB host memory buffer (16 segments).
Jan 04 10:11:07 pve-mammoth kernel: igc 0000:57:00.0: 4.000 Gb/s available PCIe bandwidth (5.0 GT/s PCIe x1 link)
Jan 04 10:11:07 pve-mammoth kernel: nvme nvme0: 16/0/0 default/read/poll queues
Jan 04 10:11:07 pve-mammoth kernel: nvme nvme2: 16/0/0 default/read/poll queues
Jan 04 10:11:07 pve-mammoth kernel: nvme nvme1: 16/0/0 default/read/poll queues
Jan 04 10:11:07 pve-mammoth kernel:  nvme1n1: p1 p2 p3
Jan 04 10:11:07 pve-mammoth kernel: igc 0000:5a:00.0: 4.000 Gb/s available PCIe bandwidth (5.0 GT/s PCIe x1 link)
Jan 04 10:11:07 pve-mammoth systemd[1]: systemd 257.9-1~deb13u1 running in system mode (+PAM +AUDIT +SELINUX +APPARMOR +IMA +IPE +SMACK +SECCOMP +GCRYPT -GNUTLS +OPENSSL +ACL +BLKID +CURL +ELFUTILS +FIDO2 +IDN2 -IDN +IPTC +KMOD +LIBCRYPTSETUP +LIBCRYPTSETUP_PLUGINS +LIBFDISK +PCRE2 +PWQUALITY +P11KIT +QRENCODE +TPM2 +BZIP2 +LZ4 +XZ +ZLIB +ZSTD +BPF_FRAMEWORK +BTF -XKBCOMMON -UTMP +SYSVINIT +LIBARCHIVE)
Jan 04 10:11:07 pve-mammoth systemd[1]: Starting modprobe@nvme_fabrics.service - Load Kernel Module nvme_fabrics...
Jan 04 10:11:07 pve-mammoth kernel: pstore: Using crash dump compression: deflate
Jan 04 10:11:07 pve-mammoth systemd[1]: modprobe@nvme_fabrics.service: Deactivated successfully.
Jan 04 10:11:07 pve-mammoth systemd[1]: Finished modprobe@nvme_fabrics.service - Load Kernel Module nvme_fabrics.
Jan 04 10:11:07 pve-mammoth kernel: caller igen6_probe+0x19d/0x88b [igen6_edac] mapping multiple BARs
Jan 04 10:11:07 pve-mammoth kernel: EDAC MC0: Giving out device to module igen6_edac controller Intel_client_SoC MC#0: DEV 0000:00:00.0 (INTERRUPT)
Jan 04 10:11:07 pve-mammoth kernel: EDAC MC1: Giving out device to module igen6_edac controller Intel_client_SoC MC#1: DEV 0000:00:00.0 (INTERRUPT)
Jan 04 10:11:07 pve-mammoth kernel: EDAC igen6: v2.5.1
Jan 04 10:11:08 pve-mammoth kernel: nvme nvme0: using unchecked data buffer
Jan 04 10:11:08 pve-mammoth kernel: pci 0000:00:02.1: [8086:a7a0] type 00 class 0x030000 PCIe Root Complex Integrated Endpoint
Jan 04 10:11:08 pve-mammoth kernel: pci 0000:00:02.2: [8086:a7a0] type 00 class 0x030000 PCIe Root Complex Integrated Endpoint
Jan 04 10:11:08 pve-mammoth kernel: pci 0000:00:02.3: [8086:a7a0] type 00 class 0x030000 PCIe Root Complex Integrated Endpoint
Jan 04 10:11:08 pve-mammoth kernel: pci 0000:00:02.4: [8086:a7a0] type 00 class 0x030000 PCIe Root Complex Integrated Endpoint
Jan 04 10:11:08 pve-mammoth kernel: pci 0000:00:02.5: [8086:a7a0] type 00 class 0x030000 PCIe Root Complex Integrated Endpoint
Jan 04 10:11:08 pve-mammoth kernel: pci 0000:00:02.6: [8086:a7a0] type 00 class 0x030000 PCIe Root Complex Integrated Endpoint
Jan 04 10:11:08 pve-mammoth kernel: pci 0000:00:02.7: [8086:a7a0] type 00 class 0x030000 PCIe Root Complex Integrated Endpoint
Jan 04 10:16:06 pve-mammoth kernel:  snd_soc_sdca hid crc8 snd_soc_avs snd_soc_hda_codec mt7921e snd_hda_ext_core mt7921_common snd_hda_codec x86_pkg_temp_thermal mt792x_lib intel_powerclamp snd_hda_core coretemp mt76_connac_lib sch_fq_codel snd_intel_dspcfg snd_intel_sdw_acpi kvm_intel mt76 snd_hwdep i915(OE) snd_soc_core kvm snd_compress mac80211 drm_buddy ac97_bus snd_pcm_dmaengine ttm btusb irqbypass snd_pcm intel_pmc_core btrtl drm_display_helper polyval_clmulni mei_hdcp snd_timer ghash_clmulni_intel btintel mei_pxp pmt_telemetry cfg80211 cmdlinepart cec pmt_discovery btbcm spi_nor pmt_class aesni_intel snd mei_me rc_core btmtk intel_pmc_ssram_telemetry rapl bluetooth intel_cstate soundcore wmi_bmof mtd pcspkr libarc4 mei i2c_algo_bit igen6_edac intel_vsec acpi_pad acpi_tad mac_hid zfs(PO) spl(O) msr vhost_net vhost vhost_iotlb tap thunderbolt_net nvme_fabrics efi_pstore nfnetlink dmi_sysfs ip_tables x_tables autofs4 btrfs blake2b_generic xor raid6_pq dm_thin_pool dm_persistent_data dm_bio_prison dm_bufio xhci_pci nvme i2c_i801 i40e
Jan 04 10:16:06 pve-mammoth kernel:  nvme_core thunderbolt spi_intel_pci i2c_mux igc xhci_hcd nvme_keyring spi_intel libie i2c_smbus nvme_auth libie_adminq video wmi pinctrl_tigerlake
Jan 04 10:16:06 pve-mammoth kernel:  snd_soc_sdca hid crc8 snd_soc_avs snd_soc_hda_codec mt7921e snd_hda_ext_core mt7921_common snd_hda_codec x86_pkg_temp_thermal mt792x_lib intel_powerclamp snd_hda_core coretemp mt76_connac_lib sch_fq_codel snd_intel_dspcfg snd_intel_sdw_acpi kvm_intel mt76 snd_hwdep i915(OE) snd_soc_core kvm snd_compress mac80211 drm_buddy ac97_bus snd_pcm_dmaengine ttm btusb irqbypass snd_pcm intel_pmc_core btrtl drm_display_helper polyval_clmulni mei_hdcp snd_timer ghash_clmulni_intel btintel mei_pxp pmt_telemetry cfg80211 cmdlinepart cec pmt_discovery btbcm spi_nor pmt_class aesni_intel snd mei_me rc_core btmtk intel_pmc_ssram_telemetry rapl bluetooth intel_cstate soundcore wmi_bmof mtd pcspkr libarc4 mei i2c_algo_bit igen6_edac intel_vsec acpi_pad acpi_tad mac_hid zfs(PO) spl(O) msr vhost_net vhost vhost_iotlb tap thunderbolt_net nvme_fabrics efi_pstore nfnetlink dmi_sysfs ip_tables x_tables autofs4 btrfs blake2b_generic xor raid6_pq dm_thin_pool dm_persistent_data dm_bio_prison dm_bufio xhci_pci nvme i2c_i801 i40e
Jan 04 10:16:06 pve-mammoth kernel:  nvme_core thunderbolt spi_intel_pci i2c_mux igc xhci_hcd nvme_keyring spi_intel libie i2c_smbus nvme_auth libie_adminq video wmi pinctrl_tigerlake
Jan 04 10:16:06 pve-mammoth kernel:  nvme_pci_complete_batch+0x119/0x140 [nvme]
Jan 04 10:16:06 pve-mammoth kernel:  nvme_irq+0x83/0x90 [nvme]
Jan 04 10:16:06 pve-mammoth kernel:  ? __pfx_nvme_pci_complete_batch+0x10/0x10 [nvme]
Jan 04 11:23:17 pve-mammoth kernel:  soundwire_generic_allocation snd_soc_acpi soundwire_bus snd_soc_sdca hid crc8 snd_soc_avs snd_soc_hda_codec mt7921e snd_hda_ext_core mt7921_common snd_hda_codec x86_pkg_temp_thermal mt792x_lib intel_powerclamp snd_hda_core coretemp mt76_connac_lib sch_fq_codel snd_intel_dspcfg snd_intel_sdw_acpi kvm_intel mt76 snd_hwdep i915(OE) snd_soc_core kvm snd_compress mac80211 drm_buddy ac97_bus snd_pcm_dmaengine ttm btusb irqbypass snd_pcm intel_pmc_core btrtl drm_display_helper polyval_clmulni mei_hdcp snd_timer ghash_clmulni_intel btintel mei_pxp pmt_telemetry cfg80211 cmdlinepart cec pmt_discovery btbcm spi_nor pmt_class aesni_intel snd mei_me rc_core btmtk intel_pmc_ssram_telemetry rapl bluetooth intel_cstate soundcore wmi_bmof mtd pcspkr libarc4 mei i2c_algo_bit igen6_edac intel_vsec acpi_pad acpi_tad mac_hid zfs(PO) spl(O) msr vhost_net vhost vhost_iotlb tap thunderbolt_net nvme_fabrics efi_pstore nfnetlink dmi_sysfs ip_tables x_tables autofs4 btrfs blake2b_generic xor raid6_pq dm_thin_pool
Jan 04 11:23:17 pve-mammoth kernel:  dm_persistent_data dm_bio_prison dm_bufio xhci_pci nvme i2c_i801 i40e nvme_core thunderbolt spi_intel_pci i2c_mux igc xhci_hcd nvme_keyring spi_intel libie i2c_smbus nvme_auth libie_adminq video wmi pinctrl_tigerlake

--- QUICK WARM-UP TEST (optional): 90s cpu+vm, then sensors again ---
Running: stress-ng --cpu 2 --vm 1 --vm-bytes 25% --timeout 90s
stress-ng: info:  [136308] setting to a 1 min, 30 secs run per stressor
stress-ng: info:  [136308] dispatching hogs: 2 cpu, 1 vm
stress-ng: info:  [136308] note: /proc/sys/kernel/sched_autogroup_enabled is 1 and this can impact scheduling throughput for processes not attached to a tty. Setting this to 0 may improve performance metrics
stress-ng: info:  [136311] vm: using 19.77G per stressor instance (total 19.77G of 79.06G available memory)
stress-ng: metrc: [136308] stressor       bogo ops real time  usr time  sys time   bogo ops/s     bogo ops/s
stress-ng: metrc: [136308]                           (secs)    (secs)    (secs)   (real time) (usr+sys time)
stress-ng: metrc: [136308] cpu              426951     90.00    179.91      0.02      4743.82        2372.83
stress-ng: metrc: [136308] vm              6228778     95.05     63.90     29.73     65533.03       66522.36
stress-ng: info:  [136308] skipped: 0
stress-ng: info:  [136308] passed: 3: cpu (2) vm (1)
stress-ng: info:  [136308] failed: 0
stress-ng: info:  [136308] metrics untrustworthy: 0
stress-ng: info:  [136308] successful run completed in 1 min, 35.05 secs

--- SENSORS AFTER WARM-UP ---
coretemp-isa-0000
Adapter: ISA adapter
Package id 0:  +80.0°C  (high = +100.0°C, crit = +100.0°C)
Core 0:        +64.0°C  (high = +100.0°C, crit = +100.0°C)
Core 4:        +68.0°C  (high = +100.0°C, crit = +100.0°C)
Core 8:        +80.0°C  (high = +100.0°C, crit = +100.0°C)
Core 12:       +64.0°C  (high = +100.0°C, crit = +100.0°C)
Core 16:       +66.0°C  (high = +100.0°C, crit = +100.0°C)
Core 20:       +67.0°C  (high = +100.0°C, crit = +100.0°C)
Core 24:       +70.0°C  (high = +100.0°C, crit = +100.0°C)
Core 25:       +70.0°C  (high = +100.0°C, crit = +100.0°C)
Core 26:       +70.0°C  (high = +100.0°C, crit = +100.0°C)
Core 27:       +70.0°C  (high = +100.0°C, crit = +100.0°C)
Core 28:       +69.0°C  (high = +100.0°C, crit = +100.0°C)
Core 29:       +69.0°C  (high = +100.0°C, crit = +100.0°C)
Core 30:       +69.0°C  (high = +100.0°C, crit = +100.0°C)
Core 31:       +69.0°C  (high = +100.0°C, crit = +100.0°C)

nvme-pci-0100
Adapter: PCI adapter
Composite:    +67.8°C  (low  = -273.1°C, high = +84.8°C)
                       (crit = +84.8°C)
Sensor 1:     +96.8°C  (low  = -273.1°C, high = +65261.8°C)
Sensor 2:     +67.8°C  (low  = -273.1°C, high = +65261.8°C)

acpitz-acpi-0
Adapter: ACPI interface
temp1:        +27.8°C  

mt7921_phy0-pci-5b00
Adapter: PCI adapter
temp1:        +56.0°C  

nvme-pci-5800
Adapter: PCI adapter
Composite:    +64.8°C  (low  = -273.1°C, high = +80.8°C)
                       (crit = +84.8°C)
Sensor 1:     +83.8°C  (low  = -273.1°C, high = +65261.8°C)
Sensor 2:     +64.8°C  (low  = -273.1°C, high = +65261.8°C)

nvme-pci-5900
Adapter: PCI adapter
Composite:    +63.9°C  (low  = -273.1°C, high = +80.8°C)
                       (crit = +84.8°C)
Sensor 1:     +70.8°C  (low  = -273.1°C, high = +65261.8°C)
Sensor 2:     +63.9°C  (low  = -273.1°C, high = +65261.8°C)



#################################################################
### CONNECTING: root@pve-whistler
#################################################################
=== HOST: pve-whistler.local ===
TIME: 2026-01-04T15:43:24-08:00
KERNEL: 6.17.4-2-pve
UPTIME: up 4 days, 4 hours, 19 minutes
LOAD:   0.93 1.00 1.08

--- CPU + BOARD SENSORS (sensors) ---
sensors not installed

--- THERMAL ZONES (sysfs) ---
/sys/class/thermal/thermal_zone0  type=acpitz  temp_mC=27800  temp_C=27.8
/sys/class/thermal/thermal_zone1  type=x86_pkg_temp  temp_mC=82000  temp_C=82

--- NVME LIST ---
Node                  Generic               SN                   Model                                    Namespace  Usage                      Format           FW Rev  
--------------------- --------------------- -------------------- ---------------------------------------- ---------- -------------------------- ---------------- --------
/dev/nvme0n1          /dev/ng0n1            S7U6NJ0Y431459K      Samsung SSD 990 EVO Plus 2TB             0x1          2.00  TB /   2.00  TB    512   B +  0 B   2B2QKXG7
/dev/nvme1n1          /dev/ng1n1            20250214B2368        SPCC M.2 PCIe SSD                        0x1          2.05  TB /   2.05  TB    512   B +  0 B   SN26904 
/dev/nvme2n1          /dev/ng2n1            S7U5NJ0Y799145M      Samsung SSD 990 EVO Plus 1TB             0x1        432.01  GB /   1.00  TB    512   B +  0 B   2B2QKXG7

--- NVME SMART SUMMARY (temps/warnings/errors) ---
## /dev/nvme0
critical_warning			: 0
temperature				: 154 °F (341 K)
percentage_used				: 4%
unsafe_shutdowns			: 30
media_errors				: 0
num_err_log_entries			: 0
Warning Temperature Time		: 0
Critical Composite Temperature Time	: 0
Temperature Sensor 1			: 192 °F (362 K)
Temperature Sensor 2			: 154 °F (341 K)

## /dev/nvme1
critical_warning			: 0
temperature				: 100 °F (311 K)
percentage_used				: 15%
unsafe_shutdowns			: 23
media_errors				: 0
num_err_log_entries			: 0
Warning Temperature Time		: 0
Critical Composite Temperature Time	: 0
Temperature Sensor 1			: 100 °F (311 K)
Temperature Sensor 2			: 147 °F (337 K)

## /dev/nvme2
critical_warning			: 0
temperature				: 154 °F (341 K)
percentage_used				: 2%
unsafe_shutdowns			: 0
media_errors				: 0
num_err_log_entries			: 0
Warning Temperature Time		: 0
Critical Composite Temperature Time	: 0
Temperature Sensor 1			: 174 °F (352 K)
Temperature Sensor 2			: 154 °F (341 K)

--- NVME ERROR LOG (if any) ---
## /dev/nvme0
Error Log Entries for device:nvme0 entries:64
.................
 Entry[ 0]
.................
error_count	: 0
sqid		: 0
cmdid		: 0
status_field	: 0 (Successful Completion: The command completed without error)
phase_tag	: 0
parm_err_loc	: 0
lba		: 0
nsid		: 0
vs		: 0
trtype		: 0 (The transport type is not indicated or the error is not transport related)
csi		: 0
opcode		: 0
cs		: 0
trtype_spec_info: 0
log_page_version: 0
.................
 Entry[ 1]
.................
error_count	: 0
sqid		: 0
cmdid		: 0
status_field	: 0 (Successful Completion: The command completed without error)
phase_tag	: 0
parm_err_loc	: 0
lba		: 0
nsid		: 0
vs		: 0
trtype		: 0 (The transport type is not indicated or the error is not transport related)
csi		: 0
opcode		: 0
cs		: 0
trtype_spec_info: 0
log_page_version: 0
.................
 Entry[ 2]
.................

## /dev/nvme1
Error Log Entries for device:nvme1 entries:64
.................
 Entry[ 0]
.................
error_count	: 0
sqid		: 0
cmdid		: 0
status_field	: 0 (Successful Completion: The command completed without error)
phase_tag	: 0
parm_err_loc	: 0
lba		: 0
nsid		: 0
vs		: 0
trtype		: 0 (The transport type is not indicated or the error is not transport related)
csi		: 0
opcode		: 0
cs		: 0
trtype_spec_info: 0
log_page_version: 0
.................
 Entry[ 1]
.................
error_count	: 0
sqid		: 0
cmdid		: 0
status_field	: 0 (Successful Completion: The command completed without error)
phase_tag	: 0
parm_err_loc	: 0
lba		: 0
nsid		: 0
vs		: 0
trtype		: 0 (The transport type is not indicated or the error is not transport related)
csi		: 0
opcode		: 0
cs		: 0
trtype_spec_info: 0
log_page_version: 0
.................
 Entry[ 2]
.................

## /dev/nvme2
Error Log Entries for device:nvme2 entries:64
.................
 Entry[ 0]
.................
error_count	: 0
sqid		: 0
cmdid		: 0
status_field	: 0 (Successful Completion: The command completed without error)
phase_tag	: 0
parm_err_loc	: 0
lba		: 0
nsid		: 0
vs		: 0
trtype		: 0 (The transport type is not indicated or the error is not transport related)
csi		: 0
opcode		: 0
cs		: 0
trtype_spec_info: 0
log_page_version: 0
.................
 Entry[ 1]
.................
error_count	: 0
sqid		: 0
cmdid		: 0
status_field	: 0 (Successful Completion: The command completed without error)
phase_tag	: 0
parm_err_loc	: 0
lba		: 0
nsid		: 0
vs		: 0
trtype		: 0 (The transport type is not indicated or the error is not transport related)
csi		: 0
opcode		: 0
cs		: 0
trtype_spec_info: 0
log_page_version: 0
.................
 Entry[ 2]
.................

--- KERNEL LOG: thermal/throttle/nvme/pcie/aer/mce/edac/ras (last 250 lines match) ---
Dec 31 11:24:09 pve-whistler kernel: x86/split lock detection: #AC: crashing the kernel on kernel split_locks and warning on user-space split_locks
Dec 31 11:24:09 pve-whistler kernel: CPU0: Thermal monitoring enabled (TM1)
Dec 31 11:24:09 pve-whistler kernel: thermal_sys: Registered thermal governor 'fair_share'
Dec 31 11:24:09 pve-whistler kernel: thermal_sys: Registered thermal governor 'bang_bang'
Dec 31 11:24:09 pve-whistler kernel: thermal_sys: Registered thermal governor 'step_wise'
Dec 31 11:24:09 pve-whistler kernel: thermal_sys: Registered thermal governor 'user_space'
Dec 31 11:24:09 pve-whistler kernel: thermal_sys: Registered thermal governor 'power_allocator'
Dec 31 11:24:09 pve-whistler kernel: ACPI FADT declares the system doesn't support PCIe ASPM, so disable it
Dec 31 11:24:09 pve-whistler kernel: ACPI: USB4 _OSC: OS supports USB3+ DisplayPort+ PCIe+ XDomain+
Dec 31 11:24:09 pve-whistler kernel: ACPI: USB4 _OSC: OS controls USB3+ DisplayPort+ PCIe+ XDomain+
Dec 31 11:24:09 pve-whistler kernel: acpi PNP0A08:00: _OSC: platform does not support [AER]
Dec 31 11:24:09 pve-whistler kernel: acpi PNP0A08:00: _OSC: OS now controls [PCIeHotplug SHPCHotplug PME PCIeCapability LTR DPC]
Dec 31 11:24:09 pve-whistler kernel: pci 0000:00:02.0: [8086:a7a0] type 00 class 0x030000 PCIe Root Complex Integrated Endpoint
Dec 31 11:24:09 pve-whistler kernel: pci 0000:00:06.0: [8086:a74d] type 01 class 0x060400 PCIe Root Port
Dec 31 11:24:09 pve-whistler kernel: pci 0000:00:06.2: [8086:a73d] type 01 class 0x060400 PCIe Root Port
Dec 31 11:24:09 pve-whistler kernel: pci 0000:00:07.0: [8086:a76e] type 01 class 0x060400 PCIe Root Port
Dec 31 11:24:09 pve-whistler kernel: pci 0000:00:07.2: [8086:a72f] type 01 class 0x060400 PCIe Root Port
Dec 31 11:24:09 pve-whistler kernel: pci 0000:00:1c.0: [8086:51bb] type 01 class 0x060400 PCIe Root Port
Dec 31 11:24:09 pve-whistler kernel: pci 0000:00:1c.4: [8086:51bc] type 01 class 0x060400 PCIe Root Port
Dec 31 11:24:09 pve-whistler kernel: pci 0000:00:1d.0: [8086:51b0] type 01 class 0x060400 PCIe Root Port
Dec 31 11:24:09 pve-whistler kernel: pci 0000:00:1d.2: [8086:51b2] type 01 class 0x060400 PCIe Root Port
Dec 31 11:24:09 pve-whistler kernel: pci 0000:00:1d.3: [8086:51b3] type 01 class 0x060400 PCIe Root Port
Dec 31 11:24:09 pve-whistler kernel: pci 0000:01:00.0: [144d:a80d] type 00 class 0x010802 PCIe Endpoint
Dec 31 11:24:09 pve-whistler kernel: pci 0000:02:00.0: [8086:1572] type 00 class 0x020000 PCIe Endpoint
Dec 31 11:24:09 pve-whistler kernel: pci 0000:02:00.1: [8086:1572] type 00 class 0x020000 PCIe Endpoint
Dec 31 11:24:09 pve-whistler kernel: pci 0000:57:00.0: [8086:125c] type 00 class 0x020000 PCIe Endpoint
Dec 31 11:24:09 pve-whistler kernel: pci 0000:58:00.0: [1e4b:1202] type 00 class 0x010802 PCIe Endpoint
Dec 31 11:24:09 pve-whistler kernel: pci 0000:59:00.0: [144d:a80d] type 00 class 0x010802 PCIe Endpoint
Dec 31 11:24:09 pve-whistler kernel: pci 0000:59:00.0: 15.752 Gb/s available PCIe bandwidth, limited by 8.0 GT/s PCIe x2 link at 0000:00:1d.0 (capable of 126.028 Gb/s with 32.0 GT/s PCIe x4 link)
Dec 31 11:24:09 pve-whistler kernel: pci 0000:5a:00.0: [8086:125b] type 00 class 0x020000 PCIe Endpoint
Dec 31 11:24:09 pve-whistler kernel: pci 0000:5b:00.0: [14c3:0616] type 00 class 0x028000 PCIe Endpoint
Dec 31 11:24:09 pve-whistler kernel: EDAC MC: Ver: 3.0.0
Dec 31 11:24:09 pve-whistler kernel: pcieport 0000:00:06.0: PME: Signaling with IRQ 122
Dec 31 11:24:09 pve-whistler kernel: pcieport 0000:00:06.2: PME: Signaling with IRQ 123
Dec 31 11:24:09 pve-whistler kernel: pcieport 0000:00:07.0: PME: Signaling with IRQ 124
Dec 31 11:24:09 pve-whistler kernel: pcieport 0000:00:07.0: pciehp: Slot #3 AttnBtn- PwrCtrl- MRL- AttnInd- PwrInd- HotPlug+ Surprise+ Interlock- NoCompl+ IbPresDis- LLActRep+
Dec 31 11:24:09 pve-whistler kernel: pcieport 0000:00:07.2: PME: Signaling with IRQ 125
Dec 31 11:24:09 pve-whistler kernel: pcieport 0000:00:07.2: pciehp: Slot #5 AttnBtn- PwrCtrl- MRL- AttnInd- PwrInd- HotPlug+ Surprise+ Interlock- NoCompl+ IbPresDis- LLActRep+
Dec 31 11:24:09 pve-whistler kernel: pcieport 0000:00:1c.0: PME: Signaling with IRQ 126
Dec 31 11:24:09 pve-whistler kernel: pcieport 0000:00:1c.4: PME: Signaling with IRQ 127
Dec 31 11:24:09 pve-whistler kernel: pcieport 0000:00:1d.0: PME: Signaling with IRQ 128
Dec 31 11:24:09 pve-whistler kernel: pcieport 0000:00:1d.2: PME: Signaling with IRQ 129
Dec 31 11:24:09 pve-whistler kernel: pcieport 0000:00:1d.3: PME: Signaling with IRQ 130
Dec 31 11:24:09 pve-whistler kernel: ACPI: button: Power Button [PWRB]
Dec 31 11:24:09 pve-whistler kernel: input: Power Button as /devices/LNXSYSTM:00/LNXPWRBN:00/input/input2
Dec 31 11:24:09 pve-whistler kernel: ACPI: button: Power Button [PWRF]
Dec 31 11:24:09 pve-whistler kernel: thermal LNXTHERM:00: registered as thermal_zone0
Dec 31 11:24:09 pve-whistler kernel: ACPI: thermal: Thermal Zone [TZ00] (28 C)
Dec 31 11:24:09 pve-whistler kernel: RAS: Correctable Errors collector initialized.
Dec 31 11:24:09 pve-whistler kernel: nvme nvme0: pci function 0000:01:00.0
Dec 31 11:24:09 pve-whistler kernel: nvme nvme1: pci function 0000:58:00.0
Dec 31 11:24:09 pve-whistler kernel: nvme nvme2: pci function 0000:59:00.0
Dec 31 11:24:09 pve-whistler kernel: nvme nvme1: allocated 16 MiB host memory buffer (4 segments).
Dec 31 11:24:09 pve-whistler kernel: nvme nvme2: D3 entry latency set to 10 seconds
Dec 31 11:24:09 pve-whistler kernel: nvme nvme1: 8/0/0 default/read/poll queues
Dec 31 11:24:09 pve-whistler kernel: nvme nvme2: allocated 64 MiB host memory buffer (16 segments).
Dec 31 11:24:09 pve-whistler kernel: nvme nvme1: Ignoring bogus Namespace Identifiers
Dec 31 11:24:09 pve-whistler kernel: igc 0000:57:00.0: 4.000 Gb/s available PCIe bandwidth (5.0 GT/s PCIe x1 link)
Dec 31 11:24:09 pve-whistler kernel: nvme nvme2: 16/0/0 default/read/poll queues
Dec 31 11:24:09 pve-whistler kernel:  nvme2n1: p1 p2 p3
Dec 31 11:24:09 pve-whistler kernel: nvme nvme0: D3 entry latency set to 10 seconds
Dec 31 11:24:09 pve-whistler kernel: nvme nvme0: allocated 64 MiB host memory buffer (16 segments).
Dec 31 11:24:09 pve-whistler kernel: igc 0000:5a:00.0: 4.000 Gb/s available PCIe bandwidth (5.0 GT/s PCIe x1 link)
Dec 31 11:24:09 pve-whistler kernel: nvme nvme0: 16/0/0 default/read/poll queues
Dec 31 11:24:09 pve-whistler systemd[1]: systemd 257.9-1~deb13u1 running in system mode (+PAM +AUDIT +SELINUX +APPARMOR +IMA +IPE +SMACK +SECCOMP +GCRYPT -GNUTLS +OPENSSL +ACL +BLKID +CURL +ELFUTILS +FIDO2 +IDN2 -IDN +IPTC +KMOD +LIBCRYPTSETUP +LIBCRYPTSETUP_PLUGINS +LIBFDISK +PCRE2 +PWQUALITY +P11KIT +QRENCODE +TPM2 +BZIP2 +LZ4 +XZ +ZLIB +ZSTD +BPF_FRAMEWORK +BTF -XKBCOMMON -UTMP +SYSVINIT +LIBARCHIVE)
Dec 31 11:24:09 pve-whistler systemd[1]: Starting modprobe@nvme_fabrics.service - Load Kernel Module nvme_fabrics...
Dec 31 11:24:09 pve-whistler kernel: pstore: Using crash dump compression: deflate
Dec 31 11:24:09 pve-whistler systemd[1]: modprobe@nvme_fabrics.service: Deactivated successfully.
Dec 31 11:24:09 pve-whistler systemd[1]: Finished modprobe@nvme_fabrics.service - Load Kernel Module nvme_fabrics.
Dec 31 11:24:10 pve-whistler kernel: caller igen6_probe+0x19d/0x88b [igen6_edac] mapping multiple BARs
Dec 31 11:24:10 pve-whistler kernel: EDAC MC0: Giving out device to module igen6_edac controller Intel_client_SoC MC#0: DEV 0000:00:00.0 (INTERRUPT)
Dec 31 11:24:10 pve-whistler kernel: EDAC MC1: Giving out device to module igen6_edac controller Intel_client_SoC MC#1: DEV 0000:00:00.0 (INTERRUPT)
Dec 31 11:24:10 pve-whistler kernel: EDAC igen6: v2.5.1
Dec 31 11:24:10 pve-whistler kernel: nvme nvme0: using unchecked data buffer
Dec 31 11:24:11 pve-whistler kernel: pci 0000:00:02.1: [8086:a7a0] type 00 class 0x030000 PCIe Root Complex Integrated Endpoint
Dec 31 11:24:11 pve-whistler kernel: pci 0000:00:02.2: [8086:a7a0] type 00 class 0x030000 PCIe Root Complex Integrated Endpoint
Dec 31 11:24:11 pve-whistler kernel: pci 0000:00:02.3: [8086:a7a0] type 00 class 0x030000 PCIe Root Complex Integrated Endpoint
Dec 31 11:24:11 pve-whistler kernel: pci 0000:00:02.4: [8086:a7a0] type 00 class 0x030000 PCIe Root Complex Integrated Endpoint
Dec 31 11:24:11 pve-whistler kernel: pci 0000:00:02.5: [8086:a7a0] type 00 class 0x030000 PCIe Root Complex Integrated Endpoint
Dec 31 11:24:11 pve-whistler kernel: pci 0000:00:02.6: [8086:a7a0] type 00 class 0x030000 PCIe Root Complex Integrated Endpoint
Dec 31 11:24:11 pve-whistler kernel: pci 0000:00:02.7: [8086:a7a0] type 00 class 0x030000 PCIe Root Complex Integrated Endpoint

--- QUICK WARM-UP TEST (optional): 90s cpu+vm, then sensors again ---
stress-ng not installed; skipping warm-up.

--- SENSORS AFTER WARM-UP ---


#################################################################
### CONNECTING: root@pve-zermatt
#################################################################
=== HOST: pve-zermatt.local ===
TIME: 2026-01-04T15:43:24-08:00
KERNEL: 6.17.4-2-pve
UPTIME: up 4 days, 5 hours, 0 minutes
LOAD:   4.44 4.29 4.25

--- CPU + BOARD SENSORS (sensors) ---
sensors not installed

--- THERMAL ZONES (sysfs) ---
/sys/class/thermal/thermal_zone0  type=acpitz  temp_mC=27800  temp_C=27.8
/sys/class/thermal/thermal_zone1  type=x86_pkg_temp  temp_mC=77000  temp_C=77

--- NVME LIST ---
Node                  Generic               SN                   Model                                    Namespace  Usage                      Format           FW Rev  
--------------------- --------------------- -------------------- ---------------------------------------- ---------- -------------------------- ---------------- --------
/dev/nvme0n1          /dev/ng0n1            A20250117N302KG00592 SPCC M.2 PCIe SSD                        0x1          2.00  TB /   2.00  TB    512   B +  0 B   VC400618
/dev/nvme1n1          /dev/ng1n1            S7U6NJ0Y812451K      Samsung SSD 990 EVO Plus 2TB             0x1          2.00  TB /   2.00  TB    512   B +  0 B   2B2QKXG7
/dev/nvme2n1          /dev/ng2n1            S7U5NJ1Y702675D      Samsung SSD 990 EVO Plus 1TB             0x1        564.15  GB /   1.00  TB    512   B +  0 B   2B2QKXG7

--- NVME SMART SUMMARY (temps/warnings/errors) ---
## /dev/nvme0
critical_warning			: 0
temperature				: 170 °F (350 K)
percentage_used				: 2%
unsafe_shutdowns			: 31
media_errors				: 0
num_err_log_entries			: 0
Warning Temperature Time		: 43
Critical Composite Temperature Time	: 32

## /dev/nvme1
critical_warning			: 0
temperature				: 138 °F (332 K)
percentage_used				: 2%
unsafe_shutdowns			: 0
media_errors				: 0
num_err_log_entries			: 0
Warning Temperature Time		: 0
Critical Composite Temperature Time	: 0
Temperature Sensor 1			: 170 °F (350 K)
Temperature Sensor 2			: 138 °F (332 K)

## /dev/nvme2
critical_warning			: 0
temperature				: 140 °F (333 K)
percentage_used				: 3%
unsafe_shutdowns			: 0
media_errors				: 0
num_err_log_entries			: 0
Warning Temperature Time		: 0
Critical Composite Temperature Time	: 0
Temperature Sensor 1			: 159 °F (344 K)
Temperature Sensor 2			: 140 °F (333 K)

--- NVME ERROR LOG (if any) ---
## /dev/nvme0
Error Log Entries for device:nvme0 entries:8
.................
 Entry[ 0]
.................
error_count	: 0
sqid		: 0
cmdid		: 0
status_field	: 0 (Successful Completion: The command completed without error)
phase_tag	: 0
parm_err_loc	: 0
lba		: 0
nsid		: 0
vs		: 0
trtype		: 0 (The transport type is not indicated or the error is not transport related)
csi		: 0
opcode		: 0
cs		: 0
trtype_spec_info: 0
log_page_version: 0
.................
 Entry[ 1]
.................
error_count	: 0
sqid		: 0
cmdid		: 0
status_field	: 0 (Successful Completion: The command completed without error)
phase_tag	: 0
parm_err_loc	: 0
lba		: 0
nsid		: 0
vs		: 0
trtype		: 0 (The transport type is not indicated or the error is not transport related)
csi		: 0
opcode		: 0
cs		: 0
trtype_spec_info: 0
log_page_version: 0
.................
 Entry[ 2]
.................

## /dev/nvme1
Error Log Entries for device:nvme1 entries:64
.................
 Entry[ 0]
.................
error_count	: 0
sqid		: 0
cmdid		: 0
status_field	: 0 (Successful Completion: The command completed without error)
phase_tag	: 0
parm_err_loc	: 0
lba		: 0
nsid		: 0
vs		: 0
trtype		: 0 (The transport type is not indicated or the error is not transport related)
csi		: 0
opcode		: 0
cs		: 0
trtype_spec_info: 0
log_page_version: 0
.................
 Entry[ 1]
.................
error_count	: 0
sqid		: 0
cmdid		: 0
status_field	: 0 (Successful Completion: The command completed without error)
phase_tag	: 0
parm_err_loc	: 0
lba		: 0
nsid		: 0
vs		: 0
trtype		: 0 (The transport type is not indicated or the error is not transport related)
csi		: 0
opcode		: 0
cs		: 0
trtype_spec_info: 0
log_page_version: 0
.................
 Entry[ 2]
.................

## /dev/nvme2
Error Log Entries for device:nvme2 entries:64
.................
 Entry[ 0]
.................
error_count	: 0
sqid		: 0
cmdid		: 0
status_field	: 0 (Successful Completion: The command completed without error)
phase_tag	: 0
parm_err_loc	: 0
lba		: 0
nsid		: 0
vs		: 0
trtype		: 0 (The transport type is not indicated or the error is not transport related)
csi		: 0
opcode		: 0
cs		: 0
trtype_spec_info: 0
log_page_version: 0
.................
 Entry[ 1]
.................
error_count	: 0
sqid		: 0
cmdid		: 0
status_field	: 0 (Successful Completion: The command completed without error)
phase_tag	: 0
parm_err_loc	: 0
lba		: 0
nsid		: 0
vs		: 0
trtype		: 0 (The transport type is not indicated or the error is not transport related)
csi		: 0
opcode		: 0
cs		: 0
trtype_spec_info: 0
log_page_version: 0
.................
 Entry[ 2]
.................

--- KERNEL LOG: thermal/throttle/nvme/pcie/aer/mce/edac/ras (last 250 lines match) ---
Dec 31 10:43:24 pve-zermatt kernel: x86/split lock detection: #AC: crashing the kernel on kernel split_locks and warning on user-space split_locks
Dec 31 10:43:24 pve-zermatt kernel: CPU0: Thermal monitoring enabled (TM1)
Dec 31 10:43:24 pve-zermatt kernel: thermal_sys: Registered thermal governor 'fair_share'
Dec 31 10:43:24 pve-zermatt kernel: thermal_sys: Registered thermal governor 'bang_bang'
Dec 31 10:43:24 pve-zermatt kernel: thermal_sys: Registered thermal governor 'step_wise'
Dec 31 10:43:24 pve-zermatt kernel: thermal_sys: Registered thermal governor 'user_space'
Dec 31 10:43:24 pve-zermatt kernel: thermal_sys: Registered thermal governor 'power_allocator'
Dec 31 10:43:24 pve-zermatt kernel: ACPI FADT declares the system doesn't support PCIe ASPM, so disable it
Dec 31 10:43:24 pve-zermatt kernel: ACPI: USB4 _OSC: OS supports USB3+ DisplayPort+ PCIe+ XDomain+
Dec 31 10:43:24 pve-zermatt kernel: ACPI: USB4 _OSC: OS controls USB3+ DisplayPort+ PCIe+ XDomain+
Dec 31 10:43:24 pve-zermatt kernel: acpi PNP0A08:00: _OSC: platform does not support [AER]
Dec 31 10:43:24 pve-zermatt kernel: acpi PNP0A08:00: _OSC: OS now controls [PCIeHotplug SHPCHotplug PME PCIeCapability LTR DPC]
Dec 31 10:43:24 pve-zermatt kernel: pci 0000:00:02.0: [8086:a7a0] type 00 class 0x030000 PCIe Root Complex Integrated Endpoint
Dec 31 10:43:24 pve-zermatt kernel: pci 0000:00:06.0: [8086:a74d] type 01 class 0x060400 PCIe Root Port
Dec 31 10:43:24 pve-zermatt kernel: pci 0000:00:06.2: [8086:a73d] type 01 class 0x060400 PCIe Root Port
Dec 31 10:43:24 pve-zermatt kernel: pci 0000:00:07.0: [8086:a76e] type 01 class 0x060400 PCIe Root Port
Dec 31 10:43:24 pve-zermatt kernel: pci 0000:00:07.2: [8086:a72f] type 01 class 0x060400 PCIe Root Port
Dec 31 10:43:24 pve-zermatt kernel: pci 0000:00:1c.0: [8086:51bb] type 01 class 0x060400 PCIe Root Port
Dec 31 10:43:24 pve-zermatt kernel: pci 0000:00:1c.4: [8086:51bc] type 01 class 0x060400 PCIe Root Port
Dec 31 10:43:24 pve-zermatt kernel: pci 0000:00:1d.0: [8086:51b0] type 01 class 0x060400 PCIe Root Port
Dec 31 10:43:24 pve-zermatt kernel: pci 0000:00:1d.2: [8086:51b2] type 01 class 0x060400 PCIe Root Port
Dec 31 10:43:24 pve-zermatt kernel: pci 0000:00:1d.3: [8086:51b3] type 01 class 0x060400 PCIe Root Port
Dec 31 10:43:24 pve-zermatt kernel: pci 0000:01:00.0: [10ec:5765] type 00 class 0x010802 PCIe Endpoint
Dec 31 10:43:24 pve-zermatt kernel: pci 0000:02:00.0: [8086:1572] type 00 class 0x020000 PCIe Endpoint
Dec 31 10:43:24 pve-zermatt kernel: pci 0000:02:00.1: [8086:1572] type 00 class 0x020000 PCIe Endpoint
Dec 31 10:43:24 pve-zermatt kernel: pci 0000:57:00.0: [8086:125c] type 00 class 0x020000 PCIe Endpoint
Dec 31 10:43:24 pve-zermatt kernel: pci 0000:58:00.0: [144d:a80d] type 00 class 0x010802 PCIe Endpoint
Dec 31 10:43:24 pve-zermatt kernel: pci 0000:58:00.0: 31.504 Gb/s available PCIe bandwidth, limited by 8.0 GT/s PCIe x4 link at 0000:00:1c.4 (capable of 126.028 Gb/s with 32.0 GT/s PCIe x4 link)
Dec 31 10:43:24 pve-zermatt kernel: pci 0000:59:00.0: [144d:a80d] type 00 class 0x010802 PCIe Endpoint
Dec 31 10:43:24 pve-zermatt kernel: pci 0000:59:00.0: 15.752 Gb/s available PCIe bandwidth, limited by 8.0 GT/s PCIe x2 link at 0000:00:1d.0 (capable of 126.028 Gb/s with 32.0 GT/s PCIe x4 link)
Dec 31 10:43:24 pve-zermatt kernel: pci 0000:5a:00.0: [8086:125b] type 00 class 0x020000 PCIe Endpoint
Dec 31 10:43:24 pve-zermatt kernel: pci 0000:5b:00.0: [14c3:0616] type 00 class 0x028000 PCIe Endpoint
Dec 31 10:43:24 pve-zermatt kernel: EDAC MC: Ver: 3.0.0
Dec 31 10:43:24 pve-zermatt kernel: pcieport 0000:00:06.0: PME: Signaling with IRQ 122
Dec 31 10:43:24 pve-zermatt kernel: pcieport 0000:00:06.2: PME: Signaling with IRQ 123
Dec 31 10:43:24 pve-zermatt kernel: pcieport 0000:00:07.0: PME: Signaling with IRQ 124
Dec 31 10:43:24 pve-zermatt kernel: pcieport 0000:00:07.0: pciehp: Slot #3 AttnBtn- PwrCtrl- MRL- AttnInd- PwrInd- HotPlug+ Surprise+ Interlock- NoCompl+ IbPresDis- LLActRep+
Dec 31 10:43:24 pve-zermatt kernel: pcieport 0000:00:07.2: PME: Signaling with IRQ 125
Dec 31 10:43:24 pve-zermatt kernel: pcieport 0000:00:07.2: pciehp: Slot #5 AttnBtn- PwrCtrl- MRL- AttnInd- PwrInd- HotPlug+ Surprise+ Interlock- NoCompl+ IbPresDis- LLActRep+
Dec 31 10:43:24 pve-zermatt kernel: pcieport 0000:00:1c.0: PME: Signaling with IRQ 126
Dec 31 10:43:24 pve-zermatt kernel: pcieport 0000:00:1c.4: PME: Signaling with IRQ 127
Dec 31 10:43:24 pve-zermatt kernel: pcieport 0000:00:1d.0: PME: Signaling with IRQ 128
Dec 31 10:43:24 pve-zermatt kernel: pcieport 0000:00:1d.2: PME: Signaling with IRQ 129
Dec 31 10:43:24 pve-zermatt kernel: pcieport 0000:00:1d.3: PME: Signaling with IRQ 130
Dec 31 10:43:24 pve-zermatt kernel: ACPI: button: Power Button [PWRB]
Dec 31 10:43:24 pve-zermatt kernel: input: Power Button as /devices/LNXSYSTM:00/LNXPWRBN:00/input/input2
Dec 31 10:43:24 pve-zermatt kernel: ACPI: button: Power Button [PWRF]
Dec 31 10:43:24 pve-zermatt kernel: thermal LNXTHERM:00: registered as thermal_zone0
Dec 31 10:43:24 pve-zermatt kernel: ACPI: thermal: Thermal Zone [TZ00] (28 C)
Dec 31 10:43:24 pve-zermatt kernel: RAS: Correctable Errors collector initialized.
Dec 31 10:43:24 pve-zermatt kernel: nvme nvme0: pci function 0000:01:00.0
Dec 31 10:43:24 pve-zermatt kernel: nvme nvme1: pci function 0000:58:00.0
Dec 31 10:43:24 pve-zermatt kernel: nvme nvme2: pci function 0000:59:00.0
Dec 31 10:43:24 pve-zermatt kernel: nvme nvme2: D3 entry latency set to 10 seconds
Dec 31 10:43:24 pve-zermatt kernel: nvme nvme2: allocated 64 MiB host memory buffer (16 segments).
Dec 31 10:43:24 pve-zermatt kernel: igc 0000:57:00.0: 4.000 Gb/s available PCIe bandwidth (5.0 GT/s PCIe x1 link)
Dec 31 10:43:24 pve-zermatt kernel: nvme nvme2: 16/0/0 default/read/poll queues
Dec 31 10:43:24 pve-zermatt kernel:  nvme2n1: p1 p2 p3
Dec 31 10:43:24 pve-zermatt kernel: nvme nvme1: D3 entry latency set to 10 seconds
Dec 31 10:43:24 pve-zermatt kernel: nvme nvme0: allocated 64 MiB host memory buffer (16 segments).
Dec 31 10:43:24 pve-zermatt kernel: nvme nvme1: allocated 64 MiB host memory buffer (16 segments).
Dec 31 10:43:24 pve-zermatt kernel: igc 0000:5a:00.0: 4.000 Gb/s available PCIe bandwidth (5.0 GT/s PCIe x1 link)
Dec 31 10:43:24 pve-zermatt kernel: nvme nvme0: 8/0/0 default/read/poll queues
Dec 31 10:43:24 pve-zermatt kernel: nvme nvme0: Ignoring bogus Namespace Identifiers
Dec 31 10:43:24 pve-zermatt kernel: nvme nvme1: 16/0/0 default/read/poll queues
Dec 31 10:43:24 pve-zermatt systemd[1]: systemd 257.9-1~deb13u1 running in system mode (+PAM +AUDIT +SELINUX +APPARMOR +IMA +IPE +SMACK +SECCOMP +GCRYPT -GNUTLS +OPENSSL +ACL +BLKID +CURL +ELFUTILS +FIDO2 +IDN2 -IDN +IPTC +KMOD +LIBCRYPTSETUP +LIBCRYPTSETUP_PLUGINS +LIBFDISK +PCRE2 +PWQUALITY +P11KIT +QRENCODE +TPM2 +BZIP2 +LZ4 +XZ +ZLIB +ZSTD +BPF_FRAMEWORK +BTF -XKBCOMMON -UTMP +SYSVINIT +LIBARCHIVE)
Dec 31 10:43:24 pve-zermatt systemd[1]: Starting modprobe@nvme_fabrics.service - Load Kernel Module nvme_fabrics...
Dec 31 10:43:24 pve-zermatt kernel: pstore: Using crash dump compression: deflate
Dec 31 10:43:24 pve-zermatt systemd[1]: modprobe@nvme_fabrics.service: Deactivated successfully.
Dec 31 10:43:24 pve-zermatt systemd[1]: Finished modprobe@nvme_fabrics.service - Load Kernel Module nvme_fabrics.
Dec 31 10:43:25 pve-zermatt kernel: caller igen6_probe+0x19d/0x88b [igen6_edac] mapping multiple BARs
Dec 31 10:43:25 pve-zermatt kernel: EDAC MC0: Giving out device to module igen6_edac controller Intel_client_SoC MC#0: DEV 0000:00:00.0 (INTERRUPT)
Dec 31 10:43:25 pve-zermatt kernel: EDAC MC1: Giving out device to module igen6_edac controller Intel_client_SoC MC#1: DEV 0000:00:00.0 (INTERRUPT)
Dec 31 10:43:25 pve-zermatt kernel: EDAC igen6: v2.5.1
Dec 31 10:43:26 pve-zermatt kernel: nvme nvme0: using unchecked data buffer
Dec 31 10:43:26 pve-zermatt kernel: pci 0000:00:02.1: [8086:a7a0] type 00 class 0x030000 PCIe Root Complex Integrated Endpoint
Dec 31 10:43:26 pve-zermatt kernel: pci 0000:00:02.2: [8086:a7a0] type 00 class 0x030000 PCIe Root Complex Integrated Endpoint
Dec 31 10:43:26 pve-zermatt kernel: pci 0000:00:02.3: [8086:a7a0] type 00 class 0x030000 PCIe Root Complex Integrated Endpoint
Dec 31 10:43:26 pve-zermatt kernel: pci 0000:00:02.4: [8086:a7a0] type 00 class 0x030000 PCIe Root Complex Integrated Endpoint
Dec 31 10:43:26 pve-zermatt kernel: pci 0000:00:02.5: [8086:a7a0] type 00 class 0x030000 PCIe Root Complex Integrated Endpoint
Dec 31 10:43:26 pve-zermatt kernel: pci 0000:00:02.6: [8086:a7a0] type 00 class 0x030000 PCIe Root Complex Integrated Endpoint
Dec 31 10:43:26 pve-zermatt kernel: pci 0000:00:02.7: [8086:a7a0] type 00 class 0x030000 PCIe Root Complex Integrated Endpoint

--- QUICK WARM-UP TEST (optional): 90s cpu+vm, then sensors again ---
stress-ng not installed; skipping warm-up.

--- SENSORS AFTER WARM-UP ---


